<?xml version="1.0" encoding="UTF-8"?>
<TestRun id="d992abb5-416a-40bc-ac5e-9f53e731a7ba" name="Firsov@REZV 2018-03-19 15:30:07" runUser="Rezv\Firsov" xmlns="http://microsoft.com/schemas/VisualStudio/TeamTest/2010">
  <TestSettings name="Local" id="68e79b05-2663-4f46-8737-f155e3390c1f">
    <Description>These are default test settings for a local test run.</Description>
    <Deployment enabled="false" runDeploymentRoot="Firsov_REZV 2018-03-19 15_30_07" />
    <Execution>
      <TestTypeSpecific />
      <AgentRule name="Execution Agents">
      </AgentRule>
    </Execution>
  </TestSettings>
  <Times creation="2018-03-19T15:30:07.0835003+04:00" queuing="2018-03-19T15:30:08.0515003+04:00" start="2018-03-19T15:30:08.1355003+04:00" finish="2018-03-19T15:30:09.4275003+04:00" />
  <ResultSummary outcome="Completed">
    <Counters total="1" executed="1" passed="1" error="0" failed="0" timeout="0" aborted="0" inconclusive="0" passedButRunAborted="0" notRunnable="0" notExecuted="0" disconnected="0" warning="0" completed="0" inProgress="0" pending="0" />
  </ResultSummary>
  <TestDefinitions>
    <UnitTest name="TestMethod1" storage="c:\users\firsov\documents\visual studio 2010\projects\sipclient\sipclienttesting\bin\x86\debug\sipclienttesting.dll" id="fe826acc-2d0b-7a91-79b1-87a1f4cdf3a9">
      <Execution id="8babf8a8-a0d4-45a2-9d0e-83866e8c5a9a" />
      <TestMethod codeBase="C:/Users/Firsov/Documents/Visual Studio 2010/Projects/SipClient/SipClientTesting/bin/x86/Debug/SipClientTesting.DLL" adapterTypeName="Microsoft.VisualStudio.TestTools.TestTypes.Unit.UnitTestAdapter, Microsoft.VisualStudio.QualityTools.Tips.UnitTest.Adapter, Version=10.0.0.0, Culture=neutral, PublicKeyToken=b03f5f7f11d50a3a" className="SipClientTesting.UnitTest1, SipClientTesting, Version=1.0.0.0, Culture=neutral, PublicKeyToken=null" name="TestMethod1" />
    </UnitTest>
  </TestDefinitions>
  <TestLists>
    <TestList name="Results Not in a List" id="8c84fa94-04c1-424b-9868-57a2d4851a1d" />
    <TestList name="All Loaded Results" id="19431567-8539-422a-85d7-44ee4e166bda" />
  </TestLists>
  <TestEntries>
    <TestEntry testId="fe826acc-2d0b-7a91-79b1-87a1f4cdf3a9" executionId="8babf8a8-a0d4-45a2-9d0e-83866e8c5a9a" testListId="8c84fa94-04c1-424b-9868-57a2d4851a1d" />
  </TestEntries>
  <Results>
    <UnitTestResult executionId="8babf8a8-a0d4-45a2-9d0e-83866e8c5a9a" testId="fe826acc-2d0b-7a91-79b1-87a1f4cdf3a9" testName="TestMethod1" computerName="REZV" duration="00:00:00.0080217" startTime="2018-03-19T15:30:08.2205003+04:00" endTime="2018-03-19T15:30:09.2165003+04:00" testType="13cdc9d9-ddb5-4fa4-a97d-d965ccfc6d4b" outcome="Passed" testListId="8c84fa94-04c1-424b-9868-57a2d4851a1d" relativeResultsDirectory="8babf8a8-a0d4-45a2-9d0e-83866e8c5a9a">
    </UnitTestResult>
  </Results>
</TestRun>