<?xml version="1.0" encoding="UTF-8"?>
<TestRun id="312af143-5a6d-4814-9061-64b82b92ddb3" name="Firsov@REZV 2018-03-20 11:43:28" runUser="Rezv\Firsov" xmlns="http://microsoft.com/schemas/VisualStudio/TeamTest/2010">
  <TestSettings name="Local" id="68e79b05-2663-4f46-8737-f155e3390c1f">
    <Description>These are default test settings for a local test run.</Description>
    <Deployment enabled="false" runDeploymentRoot="Firsov_REZV 2018-03-20 11_43_28">
      <DeploymentItem filename="C:\Users\Firsov\Documents\Visual Studio 2010\Projects\SipClient\SipClient\bin\Debug\SipClient.exe" />
    </Deployment>
    <Execution>
      <TestTypeSpecific />
      <AgentRule name="Execution Agents">
      </AgentRule>
    </Execution>
  </TestSettings>
  <Times creation="2018-03-20T11:43:28.7815003+04:00" queuing="2018-03-20T11:43:30.1015003+04:00" start="2018-03-20T11:43:30.1915003+04:00" finish="2018-03-20T11:43:31.6595003+04:00" />
  <ResultSummary outcome="Completed">
    <Counters total="1" executed="1" passed="1" error="0" failed="0" timeout="0" aborted="0" inconclusive="0" passedButRunAborted="0" notRunnable="0" notExecuted="0" disconnected="0" warning="0" completed="0" inProgress="0" pending="0" />
  </ResultSummary>
  <TestDefinitions>
    <UnitTest name="TestMethod1" storage="c:\users\firsov\documents\visual studio 2010\projects\sipclient\sipclienttesting\bin\x86\debug\sipclienttesting.dll" id="fe826acc-2d0b-7a91-79b1-87a1f4cdf3a9">
      <Execution id="918a29a7-a6b3-4110-acdc-a5fb54c7b8f1" />
      <TestMethod codeBase="C:/Users/Firsov/Documents/Visual Studio 2010/Projects/SipClient/SipClientTesting/bin/x86/Debug/SipClientTesting.DLL" adapterTypeName="Microsoft.VisualStudio.TestTools.TestTypes.Unit.UnitTestAdapter, Microsoft.VisualStudio.QualityTools.Tips.UnitTest.Adapter, Version=10.0.0.0, Culture=neutral, PublicKeyToken=b03f5f7f11d50a3a" className="SipClientTesting.UnitTest1, SipClientTesting, Version=1.0.0.0, Culture=neutral, PublicKeyToken=null" name="TestMethod1" />
    </UnitTest>
  </TestDefinitions>
  <TestLists>
    <TestList name="Results Not in a List" id="8c84fa94-04c1-424b-9868-57a2d4851a1d" />
    <TestList name="All Loaded Results" id="19431567-8539-422a-85d7-44ee4e166bda" />
  </TestLists>
  <TestEntries>
    <TestEntry testId="fe826acc-2d0b-7a91-79b1-87a1f4cdf3a9" executionId="918a29a7-a6b3-4110-acdc-a5fb54c7b8f1" testListId="8c84fa94-04c1-424b-9868-57a2d4851a1d" />
  </TestEntries>
  <Results>
    <UnitTestResult executionId="918a29a7-a6b3-4110-acdc-a5fb54c7b8f1" testId="fe826acc-2d0b-7a91-79b1-87a1f4cdf3a9" testName="TestMethod1" computerName="REZV" duration="00:00:00.0087287" startTime="2018-03-20T11:43:30.2765003+04:00" endTime="2018-03-20T11:43:31.3005003+04:00" testType="13cdc9d9-ddb5-4fa4-a97d-d965ccfc6d4b" outcome="Passed" testListId="8c84fa94-04c1-424b-9868-57a2d4851a1d" relativeResultsDirectory="918a29a7-a6b3-4110-acdc-a5fb54c7b8f1">
    </UnitTestResult>
  </Results>
</TestRun>