<?xml version="1.0" encoding="UTF-8"?>
<TestRun id="365aa681-aa25-4405-8433-5689fcb91104" name="Firsov@REZV 2018-03-20 15:36:26" runUser="Rezv\Firsov" xmlns="http://microsoft.com/schemas/VisualStudio/TeamTest/2010">
  <TestSettings name="Local" id="68e79b05-2663-4f46-8737-f155e3390c1f">
    <Description>These are default test settings for a local test run.</Description>
    <Deployment enabled="false" runDeploymentRoot="Firsov_REZV 2018-03-20 15_36_26">
      <DeploymentItem filename="C:\Users\Firsov\Documents\Visual Studio 2010\Projects\SipClient\SipClient\bin\Debug\SipClient.exe" />
    </Deployment>
    <Execution>
      <TestTypeSpecific />
      <AgentRule name="Execution Agents">
      </AgentRule>
    </Execution>
  </TestSettings>
  <Times creation="2018-03-20T15:36:26.8185003+04:00" queuing="2018-03-20T15:36:29.2825003+04:00" start="2018-03-20T15:36:29.3685003+04:00" finish="2018-03-20T15:36:30.7245003+04:00" />
  <ResultSummary outcome="Completed">
    <Counters total="2" executed="2" passed="2" error="0" failed="0" timeout="0" aborted="0" inconclusive="0" passedButRunAborted="0" notRunnable="0" notExecuted="0" disconnected="0" warning="0" completed="0" inProgress="0" pending="0" />
  </ResultSummary>
  <TestDefinitions>
    <UnitTest name="Test" storage="c:\users\firsov\documents\visual studio 2010\projects\sipclient\sipclienttesting\bin\x86\debug\sipclienttesting.dll" id="e2c17d9e-92ec-a3fb-56e0-5042f44776bb">
      <Execution id="e6386dbb-0f07-4257-b5d2-83d4b3027a65" />
      <TestMethod codeBase="C:/Users/Firsov/Documents/Visual Studio 2010/Projects/SipClient/SipClientTesting/bin/x86/Debug/SipClientTesting.DLL" adapterTypeName="Microsoft.VisualStudio.TestTools.TestTypes.Unit.UnitTestAdapter, Microsoft.VisualStudio.QualityTools.Tips.UnitTest.Adapter, Version=10.0.0.0, Culture=neutral, PublicKeyToken=b03f5f7f11d50a3a" className="SipClientTesting.UnitTest1, SipClientTesting, Version=1.0.0.0, Culture=neutral, PublicKeyToken=null" name="Test" />
    </UnitTest>
    <UnitTest name="CheckIsNumber" storage="c:\users\firsov\documents\visual studio 2010\projects\sipclient\sipclienttesting\bin\x86\debug\sipclienttesting.dll" id="3bc89663-c014-795c-b8bc-52dcae934d5b">
      <Execution id="11f8c25b-c49a-4864-8e92-b2c6367a4c3a" />
      <TestMethod codeBase="C:/Users/Firsov/Documents/Visual Studio 2010/Projects/SipClient/SipClientTesting/bin/x86/Debug/SipClientTesting.DLL" adapterTypeName="Microsoft.VisualStudio.TestTools.TestTypes.Unit.UnitTestAdapter, Microsoft.VisualStudio.QualityTools.Tips.UnitTest.Adapter, Version=10.0.0.0, Culture=neutral, PublicKeyToken=b03f5f7f11d50a3a" className="SipClientTesting.UnitTest1, SipClientTesting, Version=1.0.0.0, Culture=neutral, PublicKeyToken=null" name="CheckIsNumber" />
    </UnitTest>
  </TestDefinitions>
  <TestLists>
    <TestList name="Results Not in a List" id="8c84fa94-04c1-424b-9868-57a2d4851a1d" />
    <TestList name="All Loaded Results" id="19431567-8539-422a-85d7-44ee4e166bda" />
  </TestLists>
  <TestEntries>
    <TestEntry testId="3bc89663-c014-795c-b8bc-52dcae934d5b" executionId="11f8c25b-c49a-4864-8e92-b2c6367a4c3a" testListId="8c84fa94-04c1-424b-9868-57a2d4851a1d" />
    <TestEntry testId="e2c17d9e-92ec-a3fb-56e0-5042f44776bb" executionId="e6386dbb-0f07-4257-b5d2-83d4b3027a65" testListId="8c84fa94-04c1-424b-9868-57a2d4851a1d" />
  </TestEntries>
  <Results>
    <UnitTestResult executionId="11f8c25b-c49a-4864-8e92-b2c6367a4c3a" testId="3bc89663-c014-795c-b8bc-52dcae934d5b" testName="CheckIsNumber" computerName="REZV" duration="00:00:00.1282471" startTime="2018-03-20T15:36:29.4495003+04:00" endTime="2018-03-20T15:36:30.4265003+04:00" testType="13cdc9d9-ddb5-4fa4-a97d-d965ccfc6d4b" outcome="Passed" testListId="8c84fa94-04c1-424b-9868-57a2d4851a1d" relativeResultsDirectory="11f8c25b-c49a-4864-8e92-b2c6367a4c3a">
    </UnitTestResult>
    <UnitTestResult executionId="e6386dbb-0f07-4257-b5d2-83d4b3027a65" testId="e2c17d9e-92ec-a3fb-56e0-5042f44776bb" testName="Test" computerName="REZV" duration="00:00:00.0001075" startTime="2018-03-20T15:36:30.4605003+04:00" endTime="2018-03-20T15:36:30.4725003+04:00" testType="13cdc9d9-ddb5-4fa4-a97d-d965ccfc6d4b" outcome="Passed" testListId="8c84fa94-04c1-424b-9868-57a2d4851a1d" relativeResultsDirectory="e6386dbb-0f07-4257-b5d2-83d4b3027a65">
    </UnitTestResult>
  </Results>
</TestRun>