<?xml version="1.0" encoding="UTF-8"?>
<TestRun id="ba1c9cd7-9b0e-4328-a8be-dc4b8788dddf" name="Firsov@REZV 2018-03-21 11:51:15" runUser="Rezv\Firsov" xmlns="http://microsoft.com/schemas/VisualStudio/TeamTest/2010">
  <TestSettings name="Local" id="68e79b05-2663-4f46-8737-f155e3390c1f">
    <Description>These are default test settings for a local test run.</Description>
    <Deployment enabled="false" runDeploymentRoot="Firsov_REZV 2018-03-21 11_51_15">
      <DeploymentItem filename="C:\Users\Firsov\Documents\Visual Studio 2010\Projects\SipClient\SipClient\bin\Debug\SipClient.exe" />
    </Deployment>
    <Execution>
      <TestTypeSpecific />
      <AgentRule name="Execution Agents">
      </AgentRule>
    </Execution>
  </TestSettings>
  <Times creation="2018-03-21T11:51:15.8835003+04:00" queuing="2018-03-21T11:51:16.5925003+04:00" start="2018-03-21T11:51:16.6915003+04:00" finish="2018-03-21T11:51:25.0855003+04:00" />
  <ResultSummary outcome="Error">
    <Counters total="2" executed="2" passed="1" error="0" failed="0" timeout="0" aborted="1" inconclusive="0" passedButRunAborted="0" notRunnable="0" notExecuted="0" disconnected="0" warning="0" completed="0" inProgress="0" pending="0" />
    <RunInfos>
      <RunInfo computerName="REZV" outcome="Error" timestamp="2018-03-21T11:51:25.0855003+04:00">
        <Text>Test host process exited unexpectedly.</Text>
      </RunInfo>
    </RunInfos>
  </ResultSummary>
  <TestDefinitions>
    <UnitTest name="TestIncomingCallAnimationBegin" storage="c:\users\firsov\documents\visual studio 2010\projects\sipclient\sipclienttesting\bin\x86\debug\sipclienttesting.dll" id="b83e9b9e-16d7-415e-223f-be040ec2e9f5">
      <Execution id="0dfe6816-8e84-4e8c-affb-2269012989e0" />
      <TestMethod codeBase="C:/Users/Firsov/Documents/Visual Studio 2010/Projects/SipClient/SipClientTesting/bin/x86/Debug/SipClientTesting.DLL" adapterTypeName="Microsoft.VisualStudio.TestTools.TestTypes.Unit.UnitTestAdapter, Microsoft.VisualStudio.QualityTools.Tips.UnitTest.Adapter, Version=10.0.0.0, Culture=neutral, PublicKeyToken=b03f5f7f11d50a3a" className="SipClientTesting.UnitTest1, SipClientTesting, Version=1.0.0.0, Culture=neutral, PublicKeyToken=null" name="TestIncomingCallAnimationBegin" />
    </UnitTest>
    <UnitTest name="CheckIsNumber" storage="c:\users\firsov\documents\visual studio 2010\projects\sipclient\sipclienttesting\bin\x86\debug\sipclienttesting.dll" id="3bc89663-c014-795c-b8bc-52dcae934d5b">
      <Execution id="40f8f122-86b8-44f6-aed0-4e2ec485fea2" />
      <TestMethod codeBase="C:/Users/Firsov/Documents/Visual Studio 2010/Projects/SipClient/SipClientTesting/bin/x86/Debug/SipClientTesting.DLL" adapterTypeName="Microsoft.VisualStudio.TestTools.TestTypes.Unit.UnitTestAdapter, Microsoft.VisualStudio.QualityTools.Tips.UnitTest.Adapter, Version=10.0.0.0, Culture=neutral, PublicKeyToken=b03f5f7f11d50a3a" className="SipClientTesting.UnitTest1, SipClientTesting, Version=1.0.0.0, Culture=neutral, PublicKeyToken=null" name="CheckIsNumber" />
    </UnitTest>
  </TestDefinitions>
  <TestLists>
    <TestList name="Results Not in a List" id="8c84fa94-04c1-424b-9868-57a2d4851a1d" />
    <TestList name="All Loaded Results" id="19431567-8539-422a-85d7-44ee4e166bda" />
  </TestLists>
  <TestEntries>
    <TestEntry testId="3bc89663-c014-795c-b8bc-52dcae934d5b" executionId="40f8f122-86b8-44f6-aed0-4e2ec485fea2" testListId="8c84fa94-04c1-424b-9868-57a2d4851a1d" />
    <TestEntry testId="b83e9b9e-16d7-415e-223f-be040ec2e9f5" executionId="0dfe6816-8e84-4e8c-affb-2269012989e0" testListId="8c84fa94-04c1-424b-9868-57a2d4851a1d" />
  </TestEntries>
  <Results>
    <UnitTestResult executionId="40f8f122-86b8-44f6-aed0-4e2ec485fea2" testId="3bc89663-c014-795c-b8bc-52dcae934d5b" testName="CheckIsNumber" computerName="REZV" duration="00:00:00.1175132" startTime="2018-03-21T11:51:16.7705003+04:00" endTime="2018-03-21T11:51:17.8345003+04:00" testType="13cdc9d9-ddb5-4fa4-a97d-d965ccfc6d4b" outcome="Passed" testListId="8c84fa94-04c1-424b-9868-57a2d4851a1d" relativeResultsDirectory="40f8f122-86b8-44f6-aed0-4e2ec485fea2">
    </UnitTestResult>
    <UnitTestResult executionId="0dfe6816-8e84-4e8c-affb-2269012989e0" testId="b83e9b9e-16d7-415e-223f-be040ec2e9f5" testName="TestIncomingCallAnimationBegin" computerName="REZV" duration="00:00:07.2140000" startTime="2018-03-21T11:51:17.8715003+04:00" endTime="2018-03-21T11:51:25.0855003+04:00" testType="13cdc9d9-ddb5-4fa4-a97d-d965ccfc6d4b" outcome="Aborted" testListId="8c84fa94-04c1-424b-9868-57a2d4851a1d" relativeResultsDirectory="0dfe6816-8e84-4e8c-affb-2269012989e0">
    </UnitTestResult>
  </Results>
</TestRun>